The system is: Windows - 10.0.19044 - AMD64
Compiling the CXX compiler identification source file "CMakeCXXCompilerId.cpp" succeeded.
Compiler:  
Build flags: 
Id flags:  

The output was:
0
.NET Framework 向け Microsoft (R) Build Engine バージョン 16.11.2+f32259642
Copyright (C) Microsoft Corporation.All rights reserved.

2023/05/01 20:28:03 にビルドを開始しました。
ノード 1 上のプロジェクト "C:\Qt\Examples\Qt-6.5.0\webenginewidgets\maps\cmake-build-release\CMakeFiles\3.21.1\CompilerIdCXX\CompilerIdCXX.vcxproj" (既定のターゲット)。
PrepareForBuild:
  ディレクトリ "Debug\" を作成しています。
  ディレクトリ "Debug\CompilerIdCXX.tlog\" を作成しています。
InitializeBuildStatus:
  "AlwaysCreate" が指定されたため "Debug\CompilerIdCXX.tlog\unsuccessfulbuild" を作成しています。
VcpkgTripletSelection:
  Using triplet "x64-windows" from "C:\Users\survey\Desktop\set\vcpkg\installed\x64-windows\"
ClCompile:
  C:\Program Files (x86)\Microsoft Visual Studio\2019\Enterprise\VC\Tools\MSVC\14.29.30133\bin\HostX64\x64\CL.exe /c /I"C:\Users\survey\Desktop\set\vcpkg\installed\x64-windows\include" /nologo /W0 /WX- /diagnostics:column /Od /D _MBCS /Gm- /EHsc /RTC1 /MDd /GS /fp:precise /Zc:wchar_t /Zc:forScope /Zc:inline /Fo"Debug\\" /Fd"Debug\vc142.pdb" /external:W0 /Gd /TP /FC /errorReport:queue CMakeCXXCompilerId.cpp
  CMakeCXXCompilerId.cpp
Link:
  C:\Program Files (x86)\Microsoft Visual Studio\2019\Enterprise\VC\Tools\MSVC\14.29.30133\bin\HostX64\x64\link.exe /ERRORREPORT:QUEUE /OUT:".\CompilerIdCXX.exe" /INCREMENTAL:NO /NOLOGO /LIBPATH:"C:\Users\survey\Desktop\set\vcpkg\installed\x64-windows\debug\lib" /LIBPATH:"C:\Users\survey\Desktop\set\vcpkg\installed\x64-windows\debug\lib\manual-link" kernel32.lib user32.lib gdi32.lib winspool.lib comdlg32.lib advapi32.lib shell32.lib ole32.lib oleaut32.lib uuid.lib odbc32.lib odbccp32.lib "C:\Users\survey\Desktop\set\vcpkg\installed\x64-windows\debug\lib\*.lib" /MANIFEST /MANIFESTUAC:"level='asInvoker' uiAccess='false'" /manifest:embed /PDB:".\CompilerIdCXX.pdb" /SUBSYSTEM:CONSOLE /TLBID:1 /DYNAMICBASE /NXCOMPAT /IMPLIB:".\CompilerIdCXX.lib" /MACHINE:X64 Debug\CMakeCXXCompilerId.obj
  CompilerIdCXX.vcxproj -> C:\Qt\Examples\Qt-6.5.0\webenginewidgets\maps\cmake-build-release\CMakeFiles\3.21.1\CompilerIdCXX\CompilerIdCXX.exe
AppLocalFromInstalled:
  pwsh.exe -ExecutionPolicy Bypass -noprofile -File "C:\Users\survey\Desktop\set\vcpkg\scripts\buildsystems\msbuild\applocal.ps1" "C:\Qt\Examples\Qt-6.5.0\webenginewidgets\maps\cmake-build-release\CMakeFiles\3.21.1\CompilerIdCXX\CompilerIdCXX.exe" "C:\Users\survey\Desktop\set\vcpkg\installed\x64-windows\debug\bin" "Debug\CompilerIdCXX.tlog\CompilerIdCXX.write.1u.tlog" "Debug\vcpkg.applocal.log"
PostBuildEvent:
  for %%i in (cl.exe) do @echo CMAKE_CXX_COMPILER=%%~$PATH:i
  :VCEnd
  CMAKE_CXX_COMPILER=C:\Program Files (x86)\Microsoft Visual Studio\2019\Enterprise\VC\Tools\MSVC\14.29.30133\bin\Hostx64\x64\cl.exe
FinalizeBuildStatus:
  ファイル "Debug\CompilerIdCXX.tlog\unsuccessfulbuild" を削除しています。
  "Debug\CompilerIdCXX.tlog\CompilerIdCXX.lastbuildstate" のタッチ タスクを実行しています。
プロジェクト "C:\Qt\Examples\Qt-6.5.0\webenginewidgets\maps\cmake-build-release\CMakeFiles\3.21.1\CompilerIdCXX\CompilerIdCXX.vcxproj" (既定のターゲット) のビルドが完了しました。

ビルドに成功しました。
    0 個の警告
    0 エラー

経過時間 00:00:02.96


Compilation of the CXX compiler identification source "CMakeCXXCompilerId.cpp" produced "CompilerIdCXX.exe"

Compilation of the CXX compiler identification source "CMakeCXXCompilerId.cpp" produced "CompilerIdCXX.vcxproj"

The CXX compiler identification is MSVC, found in "C:/Qt/Examples/Qt-6.5.0/webenginewidgets/maps/cmake-build-release/CMakeFiles/3.21.1/CompilerIdCXX/CompilerIdCXX.exe"

Detecting CXX compiler ABI info compiled with the following output:
Change Dir: C:/Qt/Examples/Qt-6.5.0/webenginewidgets/maps/cmake-build-release/CMakeFiles/CMakeTmp

Run Build Command(s):C:/Program Files (x86)/Microsoft Visual Studio/2019/Enterprise/MSBuild/Current/Bin/MSBuild.exe cmTC_6c7b3.vcxproj /p:Configuration=Debug /p:Platform=x64 /p:VisualStudioVersion=16.0 /v:m && .NET Framework 向け Microsoft (R) Build Engine バージョン 16.11.2+f32259642
Copyright (C) Microsoft Corporation.All rights reserved.

  Microsoft(R) C/C++ Optimizing Compiler Version 19.29.30148 for x64
  Copyright (C) Microsoft Corporation.  All rights reserved.
  CMakeCXXCompilerABI.cpp
  cl /c /I"C:\Users\survey\Desktop\set\vcpkg\installed\x64-windows\include" /Zi /W1 /WX- /diagnostics:column /Od /Ob0 /D _MBCS /D WIN32 /D _WINDOWS /D "CMAKE_INTDIR=\"Debug\"" /Gm- /EHsc /RTC1 /MDd /GS /fp:precise /Zc:wchar_t /Zc:forScope /Zc:inline /GR /Fo"cmTC_6c7b3.dir\Debug\\" /Fd"cmTC_6c7b3.dir\Debug\vc142.pdb" /external:W1 /Gd /TP /errorReport:queue "C:\Users\survey\scoop\persist\jetbrains-toolbox\apps\CLion\ch-0\213.6777.58\bin\cmake\win\share\cmake-3.21\Modules\CMakeCXXCompilerABI.cpp"
  cmTC_6c7b3.vcxproj -> C:\Qt\Examples\Qt-6.5.0\webenginewidgets\maps\cmake-build-release\CMakeFiles\CMakeTmp\Debug\cmTC_6c7b3.exe



Performing C++ SOURCE FILE Test HAVE_STDATOMIC succeeded with the following output:
Change Dir: C:/Qt/Examples/Qt-6.5.0/webenginewidgets/maps/cmake-build-release/CMakeFiles/CMakeTmp

Run Build Command(s):C:/Program Files (x86)/Microsoft Visual Studio/2019/Enterprise/MSBuild/Current/Bin/MSBuild.exe cmTC_d7b63.vcxproj /p:Configuration=Debug /p:Platform=x64 /p:VisualStudioVersion=16.0 /v:m && .NET Framework 向け Microsoft (R) Build Engine バージョン 16.11.2+f32259642
Copyright (C) Microsoft Corporation.All rights reserved.

  Microsoft(R) C/C++ Optimizing Compiler Version 19.29.30148 for x64
  Copyright (C) Microsoft Corporation.  All rights reserved.
  src.cxx
  cl /c /I"C:\Users\survey\Desktop\set\vcpkg\installed\x64-windows\include" /Zi /W1 /WX- /diagnostics:column /Od /Ob0 /D _MBCS /D WIN32 /D _WINDOWS /D HAVE_STDATOMIC /D "CMAKE_INTDIR=\"Debug\"" /Gm- /EHsc /RTC1 /MDd /GS /fp:precise /Zc:wchar_t /Zc:forScope /Zc:inline /GR /Fo"cmTC_d7b63.dir\Debug\\" /Fd"cmTC_d7b63.dir\Debug\vc142.pdb" /external:W1 /Gd /TP /errorReport:queue "C:\Qt\Examples\Qt-6.5.0\webenginewidgets\maps\cmake-build-release\CMakeFiles\CMakeTmp\src.cxx"
  cmTC_d7b63.vcxproj -> C:\Qt\Examples\Qt-6.5.0\webenginewidgets\maps\cmake-build-release\CMakeFiles\CMakeTmp\Debug\cmTC_d7b63.exe


Source file was:
#include <atomic>
#include <cstdint>

int main(int, char **)
{
    volatile std::atomic<char>    size_1;
    volatile std::atomic<short>   size_2;
    volatile std::atomic<int>     size_4;
    volatile std::atomic<int64_t> size_8;

    ++size_1;
    ++size_2;
    ++size_4;
    ++size_8;

    (void)size_1.load(std::memory_order_relaxed);
    (void)size_2.load(std::memory_order_relaxed);
    (void)size_4.load(std::memory_order_relaxed);
    (void)size_8.load(std::memory_order_relaxed);

    return 0;
}
